[INFO ][Main      :  54] use java home: /usr/java/jdk1.8.0_181/jre
[INFO ][Main      :  55] use java runtime: Java(TM) SE Runtime Environment 1.8.0_181-b13
[INFO ][Main      :  59] use java vm: Java HotSpot(TM) 64-Bit Server VM 25.181-b13
[INFO ][ClassPathU:  26] add tools.jar path:/usr/java/jdk1.8.0_181/lib/tools.jar
[INFO ][EmacsServe: 364] zpage tracez handler http://localhost:50943/tracez
[INFO ][EmacsServe: 370] Start server Listen localhost port:42547
[WARN ][ProjectDat:  96] null
[WARN ][ProjectDat:  96] null
[WARN ][ProjectDat:  96] null
[WARN ][ProjectDat:  96] null
[WARN ][ProjectDat:  96] null
[WARN ][ProjectDat:  96] null
[WARN ][ProjectDat:  96] null
[WARN ][ProjectDat:  96] null
[WARN ][ProjectDat:  96] null
[WARN ][ProjectDat:  96] null
[WARN ][ProjectDat:  96] null
[WARN ][ProjectDat:  96] null
[WARN ][ProjectDat:  96] null
[WARN ][ProjectDat:  96] null
[WARN ][ProjectDat:  96] null
[WARN ][ProjectDat:  96] null
[WARN ][ProjectDat:  96] null
[WARN ][ProjectDat:  96] null
[WARN ][ProjectDat:  96] null
[WARN ][ProjectDat:  96] null
[WARN ][ProjectDat:  96] null
[WARN ][ProjectDat:  96] null
[WARN ][ProjectDat:  96] null
[WARN ][ProjectDat:  96] null
[WARN ][ProjectDat:  96] null
[WARN ][ProjectDat:  96] null
[WARN ][ProjectDat:  96] null
[WARN ][ProjectDat:  96] null
[WARN ][ProjectDat:  96] null
[WARN ][ProjectDat:  96] null
[WARN ][ProjectDat:  96] null
[WARN ][ProjectDat:  96] null
[WARN ][ProjectDat:  96] null
[WARN ][ProjectDat:  96] null
[WARN ][ProjectDat:  96] null
[WARN ][ProjectDat:  96] null
[WARN ][ProjectDat:  96] null
[WARN ][ProjectDat:  96] null
[WARN ][ProjectDat:  96] null
[WARN ][ProjectDat:  96] null
[WARN ][ProjectDat:  96] null
[WARN ][ProjectDat:  96] null
[WARN ][ProjectDat:  96] null
[WARN ][ProjectDat:  96] null
[WARN ][ProjectDat:  96] null
[WARN ][ProjectDat:  96] null
[WARN ][ProjectDat:  96] null
[WARN ][ProjectDat:  96] null
[WARN ][ProjectDat:  96] null
[WARN ][ProjectDat:  96] null
[WARN ][ProjectDat:  96] null
[WARN ][ProjectDat:  96] null
[WARN ][ProjectDat:  96] null
[WARN ][ProjectDat:  96] null
[WARN ][ProjectDat:  96] null
[WARN ][ProjectDat:  96] null
[WARN ][ProjectDat:  96] null
[WARN ][ProjectDat:  96] null
[WARN ][ProjectDat:  96] null
[WARN ][ProjectDat:  96] null
[WARN ][ProjectDat:  96] null
[WARN ][ProjectDat:  96] null
[WARN ][ProjectDat:  96] null
[WARN ][ProjectDat:  96] null
[WARN ][ProjectDat:  96] null
[WARN ][ProjectDat:  96] null
[WARN ][ProjectDat:  96] null
[WARN ][ProjectDat:  96] null
[WARN ][ProjectDat:  96] null
[WARN ][ProjectDat:  96] null
[WARN ][ProjectDat:  96] null
[WARN ][ProjectDat:  96] null
[WARN ][ProjectDat:  96] null
[WARN ][ProjectDat:  96] null
[WARN ][ProjectDat:  96] null
[WARN ][ProjectDat:  96] null
[WARN ][ProjectDat:  96] null
[WARN ][ProjectDat:  96] null
[WARN ][ProjectDat:  96] null
[WARN ][ProjectDat:  96] null
[WARN ][ProjectDat:  96] null
[WARN ][ProjectDat:  96] null
[WARN ][ProjectDat:  96] null
[WARN ][ProjectDat:  96] null
[WARN ][ProjectDat:  96] null
[WARN ][ProjectDat:  96] null
[WARN ][ProjectDat:  96] null
[WARN ][ProjectDat:  96] null
[WARN ][ProjectDat:  96] null
[WARN ][ProjectDat:  96] null
[WARN ][ProjectDat:  96] null
[WARN ][ProjectDat:  96] null
[WARN ][ProjectDat:  96] null
[WARN ][ProjectDat:  96] null
[WARN ][ProjectDat:  96] null
[WARN ][ProjectDat:  96] null
[WARN ][ProjectDat:  96] null
[WARN ][ProjectDat:  96] null
[WARN ][ProjectDat:  96] null
[WARN ][ProjectDat:  96] null
[WARN ][ProjectDat:  96] null
[WARN ][ProjectDat:  96] null
[WARN ][ProjectDat:  96] null
[WARN ][ProjectDat:  96] null
[WARN ][ProjectDat:  96] null
[WARN ][ProjectDat:  96] null
[WARN ][ProjectDat:  96] null
[WARN ][ProjectDat:  96] null
[WARN ][ProjectDat:  96] null
[WARN ][ProjectDat:  96] null
[WARN ][ProjectDat:  96] null
[WARN ][ProjectDat:  96] null
[WARN ][ProjectDat:  96] null
[WARN ][ProjectDat:  96] null
[WARN ][ProjectDat:  96] null
[WARN ][ProjectDat:  96] null
[WARN ][ProjectDat:  96] null
[WARN ][ProjectDat:  96] null
[WARN ][ProjectDat:  96] null
[WARN ][ProjectDat:  96] null
[WARN ][ProjectDat:  96] null
[WARN ][ProjectDat:  96] null
[WARN ][ProjectDat:  96] null
[WARN ][ProjectDat:  96] null
[WARN ][ProjectDat:  96] null
[WARN ][ProjectDat:  96] null
[WARN ][ProjectDat:  96] null
[WARN ][ProjectDat:  96] null
[WARN ][ProjectDat:  96] null
[WARN ][ProjectDat:  96] null
[WARN ][ProjectDat:  96] null
[WARN ][ProjectDat:  96] null
[WARN ][ProjectDat:  96] null
[WARN ][ProjectDat:  96] null
[WARN ][ProjectDat:  96] null
[WARN ][ProjectDat:  96] null
[WARN ][ProjectDat:  96] null
[WARN ][ProjectDat:  96] null
[WARN ][ProjectDat:  96] null
[WARN ][ProjectDat:  96] null
[WARN ][ProjectDat:  96] null
[WARN ][ProjectDat:  96] null
[WARN ][ProjectDat:  96] null
[WARN ][ProjectDat:  96] null
[WARN ][ProjectDat:  96] null
[WARN ][ProjectDat:  96] null
[WARN ][ProjectDat:  96] null
[WARN ][ProjectDat:  96] null
[WARN ][ProjectDat:  96] null
[WARN ][ProjectDat:  96] null
[WARN ][ProjectDat:  96] null
[WARN ][ProjectDat:  96] null
[WARN ][ProjectDat:  96] null
[WARN ][ProjectDat:  96] null
[WARN ][ProjectDat:  96] null
[WARN ][ProjectDat:  96] null
[WARN ][ProjectDat:  96] null
[WARN ][ProjectDat:  96] null
[WARN ][ProjectDat:  96] null
[WARN ][ProjectDat:  96] null
[WARN ][ProjectDat:  96] null
[WARN ][ProjectDat:  96] null
[WARN ][ProjectDat:  96] null
[WARN ][ProjectDat:  96] null
[WARN ][ProjectDat:  96] null
[WARN ][ProjectDat:  96] null
[WARN ][ProjectDat:  96] null
[WARN ][ProjectDat:  96] null
[WARN ][ProjectDat:  96] null
[WARN ][ProjectDat:  96] null
[WARN ][ProjectDat:  96] null
[WARN ][ProjectDat:  96] null
[WARN ][ProjectDat:  96] null
[WARN ][ProjectDat:  96] null
[WARN ][ProjectDat:  96] null
[WARN ][ProjectDat:  96] null
[WARN ][ProjectDat:  96] null
[WARN ][ProjectDat:  96] null
[WARN ][ProjectDat:  96] null
[WARN ][ProjectDat:  96] null
[WARN ][ProjectDat:  96] null
[WARN ][ProjectDat:  96] null
[WARN ][ProjectDat:  96] null
[WARN ][ProjectDat:  96] null
[WARN ][ProjectDat:  96] null
[WARN ][ProjectDat:  96] null
[WARN ][ProjectDat:  96] null
[WARN ][ProjectDat:  96] null
[WARN ][ProjectDat:  96] null
[WARN ][ProjectDat:  96] null
[WARN ][ProjectDat:  96] null
[WARN ][ProjectDat:  96] null
[WARN ][ProjectDat:  96] null
[WARN ][ProjectDat:  96] null
[WARN ][ProjectDat:  96] null
[WARN ][ProjectDat:  96] null
[WARN ][ProjectDat:  96] null
[WARN ][ProjectDat:  96] null
[WARN ][ProjectDat:  96] null
[WARN ][ProjectDat:  96] null
[WARN ][ProjectDat:  96] null
[WARN ][ProjectDat:  96] null
[WARN ][ProjectDat:  96] null
[WARN ][ProjectDat:  96] null
[WARN ][ProjectDat:  96] null
[WARN ][ProjectDat:  96] null
[WARN ][ProjectDat:  96] null
[WARN ][ProjectDat:  96] null
[WARN ][ProjectDat:  96] null
[WARN ][ProjectDat:  96] null
[WARN ][ProjectDat:  96] null
[WARN ][ProjectDat:  96] null
[WARN ][ProjectDat:  96] null
[WARN ][ProjectDat:  96] null
[WARN ][ProjectDat:  96] null
[WARN ][ProjectDat:  96] null
[WARN ][ProjectDat:  96] null
[WARN ][ProjectDat:  96] null
[WARN ][ProjectDat:  96] null
[WARN ][ProjectDat:  96] null
[WARN ][ProjectDat:  96] null
[WARN ][ProjectDat:  96] null
[WARN ][ProjectDat:  96] null
[WARN ][ProjectDat:  96] null
[WARN ][ProjectDat:  96] null
[WARN ][ProjectDat:  96] null
[WARN ][ProjectDat:  96] null
[WARN ][ProjectDat:  96] null
[WARN ][ProjectDat:  96] null
[WARN ][ProjectDat:  96] null
[WARN ][ProjectDat:  96] null
[WARN ][ProjectDat:  96] null
[WARN ][ProjectDat:  96] null
[WARN ][ProjectDat:  96] null
[WARN ][ProjectDat:  96] null
[WARN ][ProjectDat:  96] null
[WARN ][ProjectDat:  96] null
[WARN ][ProjectDat:  96] null
[WARN ][ProjectDat:  96] null
[WARN ][ProjectDat:  96] null
[WARN ][ProjectDat:  96] null
[WARN ][ProjectDat:  96] null
[WARN ][ProjectDat:  96] null
[WARN ][ProjectDat:  96] null
[WARN ][ProjectDat:  96] null
[WARN ][ProjectDat:  96] null
[WARN ][ProjectDat:  96] null
[WARN ][ProjectDat:  96] null
[WARN ][ProjectDat:  96] null
[WARN ][ProjectDat:  96] null
[WARN ][ProjectDat:  96] null
[WARN ][ProjectDat:  96] null
[WARN ][ProjectDat:  96] null
[WARN ][ProjectDat:  96] null
[WARN ][ProjectDat:  96] null
[WARN ][ProjectDat:  96] null
[WARN ][ProjectDat:  96] null
[WARN ][ProjectDat:  96] null
[WARN ][ProjectDat:  96] null
[WARN ][ProjectDat:  96] null
[WARN ][ProjectDat:  96] null
[WARN ][ProjectDat:  96] null
[WARN ][ProjectDat:  96] null
[WARN ][ProjectDat:  96] null
[WARN ][ProjectDat:  96] null
[WARN ][ProjectDat:  96] null
[WARN ][ProjectDat:  96] null
[WARN ][ProjectDat:  96] null
[WARN ][ProjectDat:  96] null
[WARN ][ProjectDat:  96] null
[WARN ][ProjectDat:  96] null
[WARN ][ProjectDat:  96] null
[WARN ][ProjectDat:  96] null
[WARN ][ProjectDat:  96] null
[WARN ][ProjectDat:  96] null
[WARN ][ProjectDat:  96] null
[WARN ][ProjectDat:  96] null
[WARN ][ProjectDat:  96] null
[WARN ][ProjectDat:  96] null
[WARN ][ProjectDat:  96] null
[WARN ][ProjectDat:  96] null
[WARN ][ProjectDat:  96] null
[WARN ][ProjectDat:  96] null
[WARN ][ProjectDat:  96] null
[WARN ][ProjectDat:  96] null
[WARN ][ProjectDat:  96] null
[WARN ][ProjectDat:  96] null
[WARN ][ProjectDat:  96] null
[WARN ][ProjectDat:  96] null
[WARN ][ProjectDat:  96] null
[WARN ][ProjectDat:  96] null
[WARN ][ProjectDat:  96] null
[WARN ][ProjectDat:  96] null
[WARN ][ProjectDat:  96] null
[WARN ][ProjectDat:  96] null
[WARN ][ProjectDat:  96] null
[WARN ][ProjectDat:  96] null
[WARN ][ProjectDat:  96] null
[WARN ][ProjectDat:  96] null
[WARN ][ProjectDat:  96] null
[WARN ][ProjectDat:  96] null
[WARN ][ProjectDat:  96] null
[WARN ][ProjectDat:  96] null
[WARN ][ProjectDat:  96] null
[WARN ][ProjectDat:  96] null
[WARN ][ProjectDat:  96] null
[WARN ][ProjectDat:  96] null
[WARN ][ProjectDat:  96] null
[WARN ][ProjectDat:  96] null
[WARN ][ProjectDat:  96] null
[WARN ][ProjectDat:  96] null
[WARN ][ProjectDat:  96] null
[WARN ][ProjectDat:  96] null
[WARN ][ProjectDat:  96] null
[WARN ][ProjectDat:  96] null
[WARN ][ProjectDat:  96] null
[WARN ][ProjectDat:  96] null
[WARN ][ProjectDat:  96] null
[WARN ][ProjectDat:  96] null
[WARN ][ProjectDat:  96] null
[WARN ][ProjectDat:  96] null
[WARN ][ProjectDat:  96] null
[WARN ][ProjectDat:  96] null
[WARN ][ProjectDat:  96] null
[WARN ][ProjectDat:  96] null
[WARN ][ProjectDat:  96] null
[WARN ][ProjectDat:  96] null
[WARN ][ProjectDat:  96] null
[WARN ][ProjectDat:  96] null
[WARN ][ProjectDat:  96] null
[WARN ][ProjectDat:  96] null
[WARN ][ProjectDat:  96] null
[WARN ][ProjectDat:  96] null
[WARN ][ProjectDat:  96] null
[WARN ][ProjectDat:  96] null
[WARN ][ProjectDat:  96] null
[WARN ][ProjectDat:  96] null
[WARN ][ProjectDat:  96] null
[WARN ][ProjectDat:  96] null
[WARN ][ProjectDat:  96] null
[WARN ][ProjectDat:  96] null
[WARN ][ProjectDat:  96] null
[WARN ][ProjectDat:  96] null
[WARN ][ProjectDat:  96] null
[WARN ][ProjectDat:  96] null
[WARN ][ProjectDat:  96] null
[WARN ][ProjectDat:  96] null
[WARN ][ProjectDat:  96] null
[WARN ][ProjectDat:  96] null
[WARN ][ProjectDat:  96] null
[WARN ][ProjectDat:  96] null
[WARN ][ProjectDat:  96] null
[WARN ][ProjectDat:  96] null
[WARN ][ProjectDat:  96] null
[WARN ][ProjectDat:  96] null
[WARN ][ProjectDat:  96] null
[WARN ][ProjectDat:  96] null
[WARN ][ProjectDat:  96] null
[WARN ][ProjectDat:  96] null
[WARN ][ProjectDat:  96] null
[WARN ][ProjectDat:  96] null
[WARN ][ProjectDat:  96] null
[WARN ][ProjectDat:  96] null
[WARN ][ProjectDat:  96] null
[WARN ][ProjectDat:  96] null
[WARN ][ProjectDat:  96] null
[WARN ][ProjectDat:  96] null
[WARN ][ProjectDat:  96] null
[WARN ][ProjectDat:  96] null
[WARN ][ProjectDat:  96] null
[WARN ][ProjectDat:  96] null
[WARN ][ProjectDat:  96] null
[WARN ][ProjectDat:  96] null
[WARN ][ProjectDat:  96] null
[WARN ][ProjectDat:  96] null
[WARN ][ProjectDat:  96] null
[WARN ][ProjectDat:  96] null
[WARN ][ProjectDat:  96] null
[WARN ][ProjectDat:  96] null
[WARN ][ProjectDat:  96] null
[WARN ][ProjectDat:  96] null
[WARN ][ProjectDat:  96] null
[WARN ][ProjectDat:  96] null
[WARN ][ProjectDat:  96] null
[WARN ][ProjectDat:  96] null
[WARN ][ProjectDat:  96] null
[WARN ][ProjectDat:  96] null
[WARN ][ProjectDat:  96] null
[WARN ][ProjectDat:  96] null
[WARN ][ProjectDat:  96] null
[WARN ][ProjectDat:  96] null
[WARN ][ProjectDat:  96] null
[WARN ][ProjectDat:  96] null
[WARN ][ProjectDat:  96] null
[WARN ][ProjectDat:  96] null
[WARN ][ProjectDat:  96] null
[WARN ][ProjectDat:  96] null
[WARN ][ProjectDat:  96] null
[WARN ][ProjectDat:  96] null
[WARN ][ProjectDat:  96] null
[WARN ][ProjectDat:  96] null
[WARN ][ProjectDat:  96] null
[WARN ][ProjectDat:  96] null
[WARN ][ProjectDat:  96] null
[WARN ][ProjectDat:  96] null
[WARN ][ProjectDat:  96] null
[WARN ][ProjectDat:  96] null
[WARN ][ProjectDat:  96] null
[WARN ][ProjectDat:  96] null
[WARN ][ProjectDat:  96] null
[WARN ][ProjectDat:  96] null
[WARN ][ProjectDat:  96] null
[WARN ][ProjectDat:  96] null
[WARN ][ProjectDat:  96] null
[WARN ][ProjectDat:  96] null
[WARN ][ProjectDat:  96] null
[WARN ][ProjectDat:  96] null
[WARN ][ProjectDat:  96] null
[WARN ][ProjectDat:  96] null
[WARN ][ProjectDat:  96] null
[WARN ][ProjectDat:  96] null
[WARN ][ProjectDat:  96] null
[WARN ][ProjectDat:  96] null
[WARN ][ProjectDat:  96] null
[WARN ][ProjectDat:  96] null
[WARN ][ProjectDat:  96] null
[WARN ][ProjectDat:  96] null
[WARN ][ProjectDat:  96] null
[WARN ][ProjectDat:  96] null
[WARN ][ProjectDat:  96] null
[WARN ][ProjectDat:  96] null
[WARN ][ProjectDat:  96] null
[WARN ][ProjectDat:  96] null
[WARN ][ProjectDat:  96] null
[WARN ][ProjectDat:  96] null
[WARN ][ProjectDat:  96] null
[WARN ][ProjectDat:  96] null
[WARN ][ProjectDat:  96] null
[WARN ][ProjectDat:  96] null
[WARN ][ProjectDat:  96] null
[WARN ][ProjectDat:  96] null
[WARN ][ProjectDat:  96] null
[WARN ][ProjectDat:  96] null
[WARN ][ProjectDat:  96] null
[WARN ][ProjectDat:  96] null
[WARN ][ProjectDat:  96] null
[WARN ][ProjectDat:  96] null
[WARN ][ProjectDat:  96] null
[WARN ][ProjectDat:  96] null
[WARN ][ProjectDat:  96] null
[WARN ][ProjectDat:  96] null
[WARN ][ProjectDat:  96] null
[WARN ][ProjectDat:  96] null
[WARN ][ProjectDat:  96] null
[WARN ][ProjectDat:  96] null
[WARN ][ProjectDat:  96] null
[WARN ][ProjectDat:  96] null
[WARN ][ProjectDat:  96] null
[WARN ][ProjectDat:  96] null
[WARN ][ProjectDat:  96] null
[WARN ][ProjectDat:  96] null
[WARN ][ProjectDat:  96] null
[WARN ][ProjectDat:  96] null
[WARN ][ProjectDat:  96] null
[WARN ][ProjectDat:  96] null
[WARN ][ProjectDat:  96] null
[WARN ][ProjectDat:  96] null
[WARN ][ProjectDat:  96] null
[WARN ][ProjectDat:  96] null
[WARN ][ProjectDat:  96] null
[WARN ][ProjectDat:  96] null
[WARN ][ProjectDat:  96] null
[WARN ][ProjectDat:  96] null
[WARN ][ProjectDat:  96] null
[WARN ][ProjectDat:  96] null
[WARN ][ProjectDat:  96] null
[WARN ][ProjectDat:  96] null
[WARN ][ProjectDat:  96] null
[WARN ][ProjectDat:  96] null
[WARN ][ProjectDat:  96] null
[WARN ][ProjectDat:  96] null
[WARN ][ProjectDat:  96] null
[WARN ][ProjectDat:  96] null
[WARN ][ProjectDat:  96] null
[WARN ][ProjectDat:  96] null
[WARN ][ProjectDat:  96] null
[WARN ][ProjectDat:  96] null
[WARN ][ProjectDat:  96] null
[WARN ][ProjectDat:  96] null
[WARN ][ProjectDat:  96] null
[WARN ][ProjectDat:  96] null
[WARN ][ProjectDat:  96] null
[WARN ][ProjectDat:  96] null
[WARN ][ProjectDat:  96] null
[WARN ][ProjectDat:  96] null
[WARN ][ProjectDat:  96] null
[WARN ][ProjectDat:  96] null
[WARN ][ProjectDat:  96] null
[WARN ][ProjectDat:  96] null
[WARN ][ProjectDat:  96] null
[WARN ][ProjectDat:  96] null
[WARN ][ProjectDat:  96] null
[WARN ][ProjectDat:  96] null
[WARN ][ProjectDat:  96] null
[WARN ][ProjectDat:  96] null
[WARN ][ProjectDat:  96] null
[WARN ][ProjectDat:  96] null
[WARN ][ProjectDat:  96] null
[WARN ][ProjectDat:  96] null
[WARN ][ProjectDat:  96] null
[WARN ][ProjectDat:  96] null
[WARN ][ProjectDat:  96] null
[WARN ][ProjectDat:  96] null
[WARN ][ProjectDat:  96] null
[WARN ][ProjectDat:  96] null
[WARN ][ProjectDat:  96] null
[WARN ][ProjectDat:  96] null
[WARN ][ProjectDat:  96] null
[WARN ][ProjectDat:  96] null
[WARN ][ProjectDat:  96] null
[WARN ][ProjectDat:  96] null
[WARN ][ProjectDat:  96] null
[WARN ][ProjectDat:  96] null
[WARN ][ProjectDat:  96] null
[WARN ][ProjectDat:  96] null
[WARN ][ProjectDat:  96] null
[WARN ][ProjectDat:  96] null
[WARN ][ProjectDat:  96] null
[WARN ][ProjectDat:  96] null
[WARN ][ProjectDat:  96] null
[WARN ][ProjectDat:  96] null
[WARN ][ProjectDat:  96] null
[WARN ][ProjectDat:  96] null
[WARN ][ProjectDat:  96] null
[WARN ][ProjectDat:  96] null
[WARN ][ProjectDat:  96] null
[WARN ][ProjectDat:  96] null
[WARN ][ProjectDat:  96] null
[WARN ][ProjectDat:  96] null
[WARN ][ProjectDat:  96] null
[WARN ][ProjectDat:  96] null
[WARN ][ProjectDat:  96] null
[WARN ][ProjectDat:  96] null
[WARN ][ProjectDat:  96] null
[WARN ][ProjectDat:  96] null
[WARN ][ProjectDat:  96] null
[WARN ][ProjectDat:  96] null
[WARN ][ProjectDat:  96] null
[WARN ][ProjectDat:  96] null
[WARN ][ProjectDat:  96] null
[WARN ][ProjectDat:  96] null
[WARN ][ProjectDat:  96] null
[WARN ][ProjectDat:  96] null
[WARN ][ProjectDat:  96] null
[WARN ][ProjectDat:  96] null
[WARN ][ProjectDat:  96] null
[WARN ][ProjectDat:  96] null
[WARN ][ProjectDat:  96] null
[WARN ][ProjectDat:  96] null
[WARN ][ProjectDat:  96] null
[WARN ][ProjectDat:  96] null
[WARN ][ProjectDat:  96] null
[WARN ][ProjectDat:  96] null
[WARN ][ProjectDat:  96] null
[WARN ][ProjectDat:  96] null
[WARN ][ProjectDat:  96] null
[WARN ][ProjectDat:  96] null
[WARN ][ProjectDat:  96] null
[WARN ][ProjectDat:  96] null
[WARN ][ProjectDat:  96] null
[WARN ][ProjectDat:  96] null
[WARN ][ProjectDat:  96] null
[WARN ][ProjectDat:  96] null
[WARN ][ProjectDat:  96] null
[WARN ][ProjectDat:  96] null
[WARN ][ProjectDat:  96] null
[WARN ][ProjectDat:  96] null
[WARN ][ProjectDat:  96] null
[WARN ][ProjectDat:  96] null
[ERROR][Executor  :  39] Catching
java.lang.NullPointerException: null
	at sun.reflect.NativeConstructorAccessorImpl.newInstance0(Native Method) ~[?:1.8.0_181]
	at sun.reflect.NativeConstructorAccessorImpl.newInstance(NativeConstructorAccessorImpl.java:62) ~[?:1.8.0_181]
	at sun.reflect.DelegatingConstructorAccessorImpl.newInstance(DelegatingConstructorAccessorImpl.java:45) ~[?:1.8.0_181]
	at java.lang.reflect.Constructor.newInstance(Constructor.java:423) ~[?:1.8.0_181]
	at java.util.concurrent.ForkJoinTask.getThrowableException(ForkJoinTask.java:598) ~[?:1.8.0_181]
	at java.util.concurrent.ForkJoinTask.reportException(ForkJoinTask.java:677) ~[?:1.8.0_181]
	at java.util.concurrent.ForkJoinTask.invoke(ForkJoinTask.java:735) ~[?:1.8.0_181]
	at java.util.stream.ForEachOps$ForEachOp.evaluateParallel(ForEachOps.java:160) ~[?:1.8.0_181]
	at java.util.stream.ForEachOps$ForEachOp$OfRef.evaluateParallel(ForEachOps.java:174) ~[?:1.8.0_181]
	at java.util.stream.AbstractPipeline.evaluate(AbstractPipeline.java:233) ~[?:1.8.0_181]
	at java.util.stream.ReferencePipeline.forEach(ReferencePipeline.java:418) ~[?:1.8.0_181]
	at java.util.stream.ReferencePipeline$Head.forEach(ReferencePipeline.java:583) ~[?:1.8.0_181]
	at meghanada.reflect.asm.CachedASMReflector.createClassIndexes(CachedASMReflector.java:164) ~[meghanada-1.3.0.jar:?]
	at meghanada.session.subscribe.CacheEventSubscriber.analyze(CacheEventSubscriber.java:63) ~[meghanada-1.3.0.jar:?]
	at meghanada.session.subscribe.CacheEventSubscriber.on(CacheEventSubscriber.java:37) ~[meghanada-1.3.0.jar:?]
	at sun.reflect.NativeMethodAccessorImpl.invoke0(Native Method) ~[?:1.8.0_181]
	at sun.reflect.NativeMethodAccessorImpl.invoke(NativeMethodAccessorImpl.java:62) ~[?:1.8.0_181]
	at sun.reflect.DelegatingMethodAccessorImpl.invoke(DelegatingMethodAccessorImpl.java:43) ~[?:1.8.0_181]
	at java.lang.reflect.Method.invoke(Method.java:498) ~[?:1.8.0_181]
	at meghanada.com.google.common.eventbus.Subscriber.invokeSubscriberMethod(Subscriber.java:87) ~[meghanada-1.3.0.jar:?]
	at meghanada.com.google.common.eventbus.Subscriber$SynchronizedSubscriber.invokeSubscriberMethod(Subscriber.java:144) ~[meghanada-1.3.0.jar:?]
	at meghanada.com.google.common.eventbus.Subscriber$1.run(Subscriber.java:72) [meghanada-1.3.0.jar:?]
	at java.util.concurrent.ThreadPoolExecutor.runWorker(ThreadPoolExecutor.java:1149) [?:1.8.0_181]
	at java.util.concurrent.ThreadPoolExecutor$Worker.run(ThreadPoolExecutor.java:624) [?:1.8.0_181]
	at java.lang.Thread.run(Thread.java:748) [?:1.8.0_181]
Caused by: java.lang.NullPointerException
	at meghanada.reflect.asm.CachedASMReflector.lambda$createClassIndexes$1(CachedASMReflector.java:175) ~[meghanada-1.3.0.jar:?]
	at meghanada.utils.FunctionUtils.lambda$wrapIOConsumer$2(FunctionUtils.java:34) ~[meghanada-1.3.0.jar:?]
	at java.util.stream.ForEachOps$ForEachOp$OfRef.accept(ForEachOps.java:184) ~[?:1.8.0_181]
	at java.util.HashMap$KeySpliterator.forEachRemaining(HashMap.java:1553) ~[?:1.8.0_181]
	at java.util.stream.AbstractPipeline.copyInto(AbstractPipeline.java:481) ~[?:1.8.0_181]
	at java.util.stream.ForEachOps$ForEachTask.compute(ForEachOps.java:291) ~[?:1.8.0_181]
	at java.util.concurrent.CountedCompleter.exec(CountedCompleter.java:731) ~[?:1.8.0_181]
	at java.util.concurrent.ForkJoinTask.doExec(ForkJoinTask.java:289) ~[?:1.8.0_181]
	at java.util.concurrent.ForkJoinPool$WorkQueue.runTask(ForkJoinPool.java:1056) ~[?:1.8.0_181]
	at java.util.concurrent.ForkJoinPool.runWorker(ForkJoinPool.java:1692) ~[?:1.8.0_181]
	at java.util.concurrent.ForkJoinWorkerThread.run(ForkJoinWorkerThread.java:157) ~[?:1.8.0_181]
